0 info it worked if it ends with ok
1 verbose cli [ '/usr/local/bin/node',
1 verbose cli   '/usr/local/bin/npm',
1 verbose cli   'install',
1 verbose cli   '-g',
1 verbose cli   'bookmarklet' ]
2 info using npm@2.14.12
3 info using node@v4.2.6
4 verbose install initial load of /usr/local/lib/package.json
5 verbose readDependencies loading dependencies from /usr/local/lib/package.json
6 silly cache add args [ 'bookmarklet', null ]
7 verbose cache add spec bookmarklet
8 silly cache add parsed spec Result {
8 silly cache add   raw: 'bookmarklet',
8 silly cache add   scope: null,
8 silly cache add   name: 'bookmarklet',
8 silly cache add   rawSpec: '',
8 silly cache add   spec: 'latest',
8 silly cache add   type: 'tag' }
9 silly addNamed bookmarklet@latest
10 verbose addNamed "latest" is being treated as a dist-tag for bookmarklet
11 info addNameTag [ 'bookmarklet', 'latest' ]
12 silly mapToRegistry name bookmarklet
13 silly mapToRegistry using default registry
14 silly mapToRegistry registry https://registry.npmjs.org/
15 silly mapToRegistry uri https://registry.npmjs.org/bookmarklet
16 verbose addNameTag registry:https://registry.npmjs.org/bookmarklet not in flight; fetching
17 verbose request uri https://registry.npmjs.org/bookmarklet
18 verbose request no auth needed
19 info attempt registry request try #1 at 4:43:04 PM
20 verbose request id ce1a212286c14c8d
21 http request GET https://registry.npmjs.org/bookmarklet
22 http 200 https://registry.npmjs.org/bookmarklet
23 verbose headers { server: 'CouchDB/1.5.0 (Erlang OTP/R16B03)',
23 verbose headers   etag: '"66ERC7HTKGDZQQ4KLN9QTMJ2X"',
23 verbose headers   'content-type': 'application/json',
23 verbose headers   'content-encoding': 'gzip',
23 verbose headers   'cache-control': 'max-age=300',
23 verbose headers   'content-length': '1824',
23 verbose headers   'accept-ranges': 'bytes',
23 verbose headers   date: 'Thu, 16 Jun 2016 21:43:04 GMT',
23 verbose headers   via: '1.1 varnish',
23 verbose headers   age: '0',
23 verbose headers   connection: 'keep-alive',
23 verbose headers   'x-served-by': 'cache-ord1722-ORD',
23 verbose headers   'x-cache': 'MISS',
23 verbose headers   'x-cache-hits': '0',
23 verbose headers   'x-timer': 'S1466113384.908673,VS0,VE44',
23 verbose headers   vary: 'Accept-Encoding' }
24 silly get cb [ 200,
24 silly get   { server: 'CouchDB/1.5.0 (Erlang OTP/R16B03)',
24 silly get     etag: '"66ERC7HTKGDZQQ4KLN9QTMJ2X"',
24 silly get     'content-type': 'application/json',
24 silly get     'content-encoding': 'gzip',
24 silly get     'cache-control': 'max-age=300',
24 silly get     'content-length': '1824',
24 silly get     'accept-ranges': 'bytes',
24 silly get     date: 'Thu, 16 Jun 2016 21:43:04 GMT',
24 silly get     via: '1.1 varnish',
24 silly get     age: '0',
24 silly get     connection: 'keep-alive',
24 silly get     'x-served-by': 'cache-ord1722-ORD',
24 silly get     'x-cache': 'MISS',
24 silly get     'x-cache-hits': '0',
24 silly get     'x-timer': 'S1466113384.908673,VS0,VE44',
24 silly get     vary: 'Accept-Encoding' } ]
25 verbose get saving bookmarklet to /Users/Zak/.npm/registry.npmjs.org/bookmarklet/.cache.json
26 silly addNameTag next cb for bookmarklet with tag latest
27 silly addNamed bookmarklet@0.0.4
28 verbose addNamed "0.0.4" is a plain semver version for bookmarklet
29 silly mapToRegistry name bookmarklet
30 silly mapToRegistry using default registry
31 silly mapToRegistry registry https://registry.npmjs.org/
32 silly mapToRegistry uri https://registry.npmjs.org/bookmarklet
33 verbose addRemoteTarball https://registry.npmjs.org/bookmarklet/-/bookmarklet-0.0.4.tgz not in flight; adding
34 verbose addRemoteTarball [ 'https://registry.npmjs.org/bookmarklet/-/bookmarklet-0.0.4.tgz',
34 verbose addRemoteTarball   '1c42b9589fde1e312429887be74c914dd7b0c46e' ]
35 info retry fetch attempt 1 at 4:43:04 PM
36 info attempt registry request try #1 at 4:43:04 PM
37 http fetch GET https://registry.npmjs.org/bookmarklet/-/bookmarklet-0.0.4.tgz
38 http fetch 200 https://registry.npmjs.org/bookmarklet/-/bookmarklet-0.0.4.tgz
39 silly fetchAndShaCheck shasum 1c42b9589fde1e312429887be74c914dd7b0c46e
40 verbose addTmpTarball /var/folders/7r/qffg0h1d7_n86pd6nzyvst_m0000gn/T/npm-70378-07dd9b92/registry.npmjs.org/bookmarklet/-/bookmarklet-0.0.4.tgz not in flight; adding
41 verbose addTmpTarball already have metadata; skipping unpack for bookmarklet@0.0.4
42 silly cache afterAdd bookmarklet@0.0.4
43 verbose afterAdd /Users/Zak/.npm/bookmarklet/0.0.4/package/package.json not in flight; writing
44 verbose afterAdd /Users/Zak/.npm/bookmarklet/0.0.4/package/package.json written
45 silly install resolved [ { name: 'bookmarklet',
45 silly install resolved     version: '0.0.4',
45 silly install resolved     description: 'A JavaScript bookmarklet compiler with greasmonkey userscript-like metadata options',
45 silly install resolved     main: 'bookmarklet.js',
45 silly install resolved     bin: { bookmarklet: './bin/bookmarklet' },
45 silly install resolved     scripts: { test: 'echo "Error: no test specified" && exit 1' },
45 silly install resolved     repository: { type: 'git', url: 'https://github.com/mrcoles/bookmarklet' },
45 silly install resolved     keywords: [ 'bookmarklet' ],
45 silly install resolved     author: { name: 'Peter Coles' },
45 silly install resolved     license: 'MIT',
45 silly install resolved     readmeFilename: 'README.md',
45 silly install resolved     dependencies: { 'uglify-js': '2.2.x' },
45 silly install resolved     readme: '\nBookmarklet: sane development, familiar format\n==============================================\n\nBookmarklet is a nodejs module for compiling bookmarklets in server-side code and directly from the shell. You can run it on any JavaScript file—it will minify it using uglify-js, wrap it in a self executing function, and return an escaped bookmarklet.\n\nMore so, it supports a metadata block—modeled after the [greasemonkey userscript metadata block](http://wiki.greasespot.net/Metadata_Block)—to specify metadata, external stylesheets and script includes, which can look like this:\n\n    // ==Bookmarklet==\n    // @name LoveGames\n    // @author Old Gregg\n    // @style http://www.cornify.com/css/cornify.css\n    // @script https://ajax.googleapis.com/ajax/libs/jquery/1.9.1/jquery.min.js\n    // ==/Bookmarklet==\n\nMost notably, you can specify any external scripts that you’d like your bookmarklet to include via the `@script` rule, which can be repeated as many times as you’d like.\n\nNOTE: currently with script includes you have to handle `noConflict` scenarios yourself, e.g., you might want to start off a script with `var $ = jQuery.noConflict(true)`.\n\nIn addition, any css files included with `@style` will be injected.\n\nThis project is new and open to suggestions & pull requests.\n\nAlso, if you’re just looking for a quick way to throw together a bookmarklet, try my [browser-based bookmarklet creator](http://mrcoles.com/bookmarklet/).\n',
45 silly install resolved     bugs: { url: 'https://github.com/mrcoles/bookmarklet/issues' },
45 silly install resolved     _id: 'bookmarklet@0.0.4',
45 silly install resolved     dist:
45 silly install resolved      { shasum: '1c42b9589fde1e312429887be74c914dd7b0c46e',
45 silly install resolved        tarball: 'https://registry.npmjs.org/bookmarklet/-/bookmarklet-0.0.4.tgz' },
45 silly install resolved     _from: 'bookmarklet@latest',
45 silly install resolved     _npmVersion: '1.3.2',
45 silly install resolved     _npmUser: { name: 'mrcoles', email: 'peter.m.coles@gmail.com' },
45 silly install resolved     maintainers: [ [Object] ],
45 silly install resolved     directories: {},
45 silly install resolved     _shasum: '1c42b9589fde1e312429887be74c914dd7b0c46e',
45 silly install resolved     _resolved: 'https://registry.npmjs.org/bookmarklet/-/bookmarklet-0.0.4.tgz' } ]
46 info install bookmarklet@0.0.4 into /usr/local/lib
47 info installOne bookmarklet@0.0.4
48 verbose installOne of bookmarklet to /usr/local/lib not in flight; installing
49 verbose lock using /Users/Zak/.npm/_locks/bookmarklet-ab53048bb66fadcf.lock for /usr/local/lib/node_modules/bookmarklet
50 silly install write writing bookmarklet 0.0.4 to /usr/local/lib/node_modules/bookmarklet
51 verbose unbuild lib/node_modules/bookmarklet
52 silly gentlyRm /usr/local/lib/node_modules/bookmarklet is being purged from base /usr/local
53 verbose gentlyRm don't care about contents; nuking /usr/local/lib/node_modules/bookmarklet
54 verbose tar unpack /Users/Zak/.npm/bookmarklet/0.0.4/package.tgz
55 verbose tar unpacking to /usr/local/lib/node_modules/bookmarklet
56 silly gentlyRm /usr/local/lib/node_modules/bookmarklet is being purged
57 verbose gentlyRm don't care about contents; nuking /usr/local/lib/node_modules/bookmarklet
58 silly gunzTarPerm modes [ '755', '644' ]
59 error tar.unpack untar error /Users/Zak/.npm/bookmarklet/0.0.4/package.tgz
60 verbose unlock done using /Users/Zak/.npm/_locks/bookmarklet-ab53048bb66fadcf.lock for /usr/local/lib/node_modules/bookmarklet
61 verbose fstream_path /usr/local/lib/node_modules/bookmarklet
62 verbose fstream_type Directory
63 verbose fstream_class DirWriter
64 verbose stack Error: EACCES: permission denied, mkdir '/usr/local/lib/node_modules/bookmarklet'
64 verbose stack     at Error (native)
65 verbose fstream_stack /usr/local/lib/node_modules/npm/node_modules/fstream/lib/dir-writer.js:35:25
65 verbose fstream_stack /usr/local/lib/node_modules/npm/node_modules/mkdirp/index.js:47:53
65 verbose fstream_stack FSReqWrap.oncomplete (fs.js:82:15)
66 verbose cwd /Users/Zak/Code/strategicmanagement
67 error Darwin 15.5.0
68 error argv "/usr/local/bin/node" "/usr/local/bin/npm" "install" "-g" "bookmarklet"
69 error node v4.2.6
70 error npm  v2.14.12
71 error path /usr/local/lib/node_modules/bookmarklet
72 error code EACCES
73 error errno -13
74 error syscall mkdir
75 error Error: EACCES: permission denied, mkdir '/usr/local/lib/node_modules/bookmarklet'
75 error     at Error (native)
75 error  { [Error: EACCES: permission denied, mkdir '/usr/local/lib/node_modules/bookmarklet']
75 error   errno: -13,
75 error   code: 'EACCES',
75 error   syscall: 'mkdir',
75 error   path: '/usr/local/lib/node_modules/bookmarklet',
75 error   fstream_type: 'Directory',
75 error   fstream_path: '/usr/local/lib/node_modules/bookmarklet',
75 error   fstream_class: 'DirWriter',
75 error   fstream_stack:
75 error    [ '/usr/local/lib/node_modules/npm/node_modules/fstream/lib/dir-writer.js:35:25',
75 error      '/usr/local/lib/node_modules/npm/node_modules/mkdirp/index.js:47:53',
75 error      'FSReqWrap.oncomplete (fs.js:82:15)' ] }
76 error Please try running this command again as root/Administrator.
77 verbose exit [ -13, true ]
78 verbose unbuild lib/node_modules/bookmarklet
79 silly gentlyRm /usr/local/lib/node_modules/bookmarklet is being purged from base /usr/local
80 verbose gentlyRm don't care about contents; nuking /usr/local/lib/node_modules/bookmarklet
